[2023-10-05 10:44:20,017] multiqc                                            [DEBUG  ]  This is MultiQC v1.14
[2023-10-05 10:44:20,034] multiqc                                            [DEBUG  ]  Loading config settings from: multiqc_config.yml
[2023-10-05 10:44:20,036] multiqc                                            [DEBUG  ]  New config: {'report_comment': '\nThis report has been generated by the <a href="https://github.com/nf-core/testpipeline/2.0" target="_blank">nf-core/testpipeline</a> analysis pipeline. For information about how to interpret these results, please see the <a href="https://nf-co.re/testpipeline/2.0/output" target="_blank">documentation</a>.\n', 'report_section_order': {'nf-core-testpipeline-methods-description': {'order': -1000}, 'software_versions': {'order': -1001}, 'nf-core-testpipeline-summary': {'order': -1002}}, 'export_plots': True}
[2023-10-05 10:44:20,045] multiqc                                            [DEBUG  ]  Loading config settings from: multiqc_config.yml
[2023-10-05 10:44:20,045] multiqc                                            [DEBUG  ]  New config: {'report_comment': '\nThis report has been generated by the <a href="https://github.com/nf-core/testpipeline/2.0" target="_blank">nf-core/testpipeline</a> analysis pipeline. For information about how to interpret these results, please see the <a href="https://nf-co.re/testpipeline/2.0/output" target="_blank">documentation</a>.\n', 'report_section_order': {'nf-core-testpipeline-methods-description': {'order': -1000}, 'software_versions': {'order': -1001}, 'nf-core-testpipeline-summary': {'order': -1002}}, 'export_plots': True}
[2023-10-05 10:44:20,046] multiqc                                            [DEBUG  ]  Command used: /usr/local/bin/multiqc --force --config multiqc_config.yml .
[2023-10-05 10:44:20,908] multiqc                                            [WARNING]  MultiQC Version v1.16 now available!
[2023-10-05 10:44:20,909] multiqc                                            [DEBUG  ]  Working dir : /Users/leoniepohl/PycharmProjects/nf-testpipeline/work/b8/6c1275bd0514fcf696e145deee51dc
[2023-10-05 10:44:20,910] multiqc                                            [DEBUG  ]  Template    : default
[2023-10-05 10:44:20,910] multiqc                                            [DEBUG  ]  Running Python 3.11.0 | packaged by conda-forge | (main, Oct 25 2022, 06:24:40) [GCC 10.4.0]
[2023-10-05 10:44:20,914] multiqc                                            [DEBUG  ]  Analysing modules: custom_content, ccs, ngsderive, purple, conpair, lima, peddy, somalier, methylQA, mosdepth, phantompeakqualtools, qualimap, preseq, hifiasm, quast, qorts, rna_seqc, rockhopper, rsem, rseqc, busco, bustools, goleft_indexcov, gffcompare, disambiguate, supernova, deeptools, sargasso, verifybamid, mirtrace, happy, mirtop, sambamba, gopeaks, homer, hops, macs2, theta2, snpeff, gatk, htseq, bcftools, featureCounts, fgbio, dragen, dragen_fastqc, dedup, pbmarkdup, damageprofiler, biobambam2, jcvi, mtnucratio, picard, vep, sentieon, prokka, qc3C, nanostat, samblaster, samtools, sexdeterrmine, eigenstratdatabasetools, bamtools, jellyfish, vcftools, longranger, stacks, varscan2, snippy, umitools, bbmap, bismark, biscuit, diamond, hicexplorer, hicup, hicpro, salmon, kallisto, slamdunk, star, hisat2, tophat, bowtie2, bowtie1, cellranger, snpsplit, odgi, pangolin, nextclade, humid, kat, leehom, adapterRemoval, bbduk, clipandmerge, cutadapt, flexbar, kaiju, kraken, malt, motus, trimmomatic, sickle, skewer, sortmerna, biobloomtools, fastq_screen, afterqc, fastp, fastqc, filtlong, prinseqplusplus, pychopper, porechop, pycoqc, minionqc, anglerfish, multivcfanalyzer, clusterflow, checkqc, bcl2fastq, bclconvert, interop, ivar, flash, seqyclean, optitype, whatshap
[2023-10-05 10:44:20,915] multiqc                                            [DEBUG  ]  Using temporary directory for creating report: /tmp/tmpinbe5d6n
[2023-10-05 10:44:21,629] multiqc                                            [INFO   ]  Search path : /Users/leoniepohl/PycharmProjects/nf-testpipeline/work/b8/6c1275bd0514fcf696e145deee51dc
[2023-10-05 10:44:23,915] multiqc                                            [DEBUG  ]  Summary of files that were skipped by the search: [skipped_no_match: 8] // [skipped_module_specific_max_filesize: 5]
[2023-10-05 10:44:25,526] multiqc.plots.bargraph                             [DEBUG  ]  Using matplotlib version 3.6.2
[2023-10-05 10:44:25,529] multiqc.plots.linegraph                            [DEBUG  ]  Using matplotlib version 3.6.2
[2023-10-05 10:44:25,586] multiqc.modules.custom_content.custom_content      [INFO   ]  nf-core-testpipeline-methods-description: Found 1 sample (html)
[2023-10-05 10:44:25,587] multiqc.modules.custom_content.custom_content      [INFO   ]  nf-core-testpipeline-summary: Found 1 sample (html)
[2023-10-05 10:44:25,588] multiqc.modules.custom_content.custom_content      [INFO   ]  software_versions: Found 1 sample (html)
[2023-10-05 10:44:25,858] multiqc.modules.fastqc.fastqc                      [INFO   ]  Found 2 reports
[2023-10-05 10:45:03,356] multiqc                                            [DEBUG  ]  Reordering sections: anchor 'nf-core-testpipeline-methods-description' not found for module 'FastQC'.
[2023-10-05 10:45:03,356] multiqc                                            [DEBUG  ]  Reordering sections: anchor 'software_versions' not found for module 'FastQC'.
[2023-10-05 10:45:03,357] multiqc                                            [DEBUG  ]  Reordering sections: anchor 'nf-core-testpipeline-summary' not found for module 'FastQC'.
[2023-10-05 10:45:03,357] multiqc                                            [DEBUG  ]  Reordering sections: anchor 'nf-core-testpipeline-methods-description' not found for module 'nf-core/testpipeline Methods Description'.
[2023-10-05 10:45:03,357] multiqc                                            [DEBUG  ]  Reordering sections: anchor 'software_versions' not found for module 'nf-core/testpipeline Methods Description'.
[2023-10-05 10:45:03,357] multiqc                                            [DEBUG  ]  Reordering sections: anchor 'nf-core-testpipeline-summary' not found for module 'nf-core/testpipeline Methods Description'.
[2023-10-05 10:45:03,357] multiqc                                            [DEBUG  ]  Reordering sections: anchor 'nf-core-testpipeline-methods-description' not found for module 'nf-core/testpipeline Software Versions'.
[2023-10-05 10:45:03,358] multiqc                                            [DEBUG  ]  Reordering sections: anchor 'software_versions' not found for module 'nf-core/testpipeline Software Versions'.
[2023-10-05 10:45:03,358] multiqc                                            [DEBUG  ]  Reordering sections: anchor 'nf-core-testpipeline-summary' not found for module 'nf-core/testpipeline Software Versions'.
[2023-10-05 10:45:03,358] multiqc                                            [DEBUG  ]  Reordering sections: anchor 'nf-core-testpipeline-methods-description' not found for module 'nf-core/testpipeline Workflow Summary'.
[2023-10-05 10:45:03,358] multiqc                                            [DEBUG  ]  Reordering sections: anchor 'software_versions' not found for module 'nf-core/testpipeline Workflow Summary'.
[2023-10-05 10:45:03,358] multiqc                                            [DEBUG  ]  Reordering sections: anchor 'nf-core-testpipeline-summary' not found for module 'nf-core/testpipeline Workflow Summary'.
[2023-10-05 10:45:03,377] multiqc                                            [INFO   ]  Compressing plot data
[2023-10-05 10:45:03,508] multiqc                                            [INFO   ]  Report      : multiqc_report.html
[2023-10-05 10:45:03,509] multiqc                                            [INFO   ]  Data        : multiqc_data
[2023-10-05 10:45:03,509] multiqc                                            [DEBUG  ]  Moving data file from '/tmp/tmpinbe5d6n/multiqc_data' to '/Users/leoniepohl/PycharmProjects/nf-testpipeline/work/b8/6c1275bd0514fcf696e145deee51dc/multiqc_data'
[2023-10-05 10:45:03,609] multiqc                                            [INFO   ]  Plots       : multiqc_plots
[2023-10-05 10:45:03,610] multiqc                                            [DEBUG  ]  Moving plots directory from '/tmp/tmpinbe5d6n/multiqc_plots' to '/Users/leoniepohl/PycharmProjects/nf-testpipeline/work/b8/6c1275bd0514fcf696e145deee51dc/multiqc_plots'
[2023-10-05 10:45:04,265] multiqc                                            [INFO   ]  MultiQC complete
