[2023-10-05 07:16:51,304] multiqc                                            [DEBUG  ]  This is MultiQC v1.14
[2023-10-05 07:16:51,322] multiqc                                            [DEBUG  ]  Loading config settings from: multiqc_config.yml
[2023-10-05 07:16:51,324] multiqc                                            [DEBUG  ]  New config: {'report_comment': '\nThis report has been generated by the <a href="https://github.com/nf-core/testpipeline/2.0" target="_blank">nf-core/testpipeline</a> analysis pipeline. For information about how to interpret these results, please see the <a href="https://nf-co.re/testpipeline/2.0/output" target="_blank">documentation</a>.\n', 'report_section_order': {'nf-core-testpipeline-methods-description': {'order': -1000}, 'software_versions': {'order': -1001}, 'nf-core-testpipeline-summary': {'order': -1002}}, 'export_plots': True}
[2023-10-05 07:16:51,336] multiqc                                            [DEBUG  ]  Loading config settings from: multiqc_config.yml
[2023-10-05 07:16:51,337] multiqc                                            [DEBUG  ]  New config: {'report_comment': '\nThis report has been generated by the <a href="https://github.com/nf-core/testpipeline/2.0" target="_blank">nf-core/testpipeline</a> analysis pipeline. For information about how to interpret these results, please see the <a href="https://nf-co.re/testpipeline/2.0/output" target="_blank">documentation</a>.\n', 'report_section_order': {'nf-core-testpipeline-methods-description': {'order': -1000}, 'software_versions': {'order': -1001}, 'nf-core-testpipeline-summary': {'order': -1002}}, 'export_plots': True}
[2023-10-05 07:16:51,337] multiqc                                            [DEBUG  ]  Command used: /usr/local/bin/multiqc --force --config multiqc_config.yml .
[2023-10-05 07:16:52,230] multiqc                                            [WARNING]  MultiQC Version v1.16 now available!
[2023-10-05 07:16:52,232] multiqc                                            [DEBUG  ]  Working dir : /Users/leoniepohl/PycharmProjects/nf-testpipeline/work/69/6338668ae7fa2f2cd745c0291abfba
[2023-10-05 07:16:52,232] multiqc                                            [DEBUG  ]  Template    : default
[2023-10-05 07:16:52,233] multiqc                                            [DEBUG  ]  Running Python 3.11.0 | packaged by conda-forge | (main, Oct 25 2022, 06:24:40) [GCC 10.4.0]
[2023-10-05 07:16:52,239] multiqc                                            [DEBUG  ]  Analysing modules: custom_content, ccs, ngsderive, purple, conpair, lima, peddy, somalier, methylQA, mosdepth, phantompeakqualtools, qualimap, preseq, hifiasm, quast, qorts, rna_seqc, rockhopper, rsem, rseqc, busco, bustools, goleft_indexcov, gffcompare, disambiguate, supernova, deeptools, sargasso, verifybamid, mirtrace, happy, mirtop, sambamba, gopeaks, homer, hops, macs2, theta2, snpeff, gatk, htseq, bcftools, featureCounts, fgbio, dragen, dragen_fastqc, dedup, pbmarkdup, damageprofiler, biobambam2, jcvi, mtnucratio, picard, vep, sentieon, prokka, qc3C, nanostat, samblaster, samtools, sexdeterrmine, eigenstratdatabasetools, bamtools, jellyfish, vcftools, longranger, stacks, varscan2, snippy, umitools, bbmap, bismark, biscuit, diamond, hicexplorer, hicup, hicpro, salmon, kallisto, slamdunk, star, hisat2, tophat, bowtie2, bowtie1, cellranger, snpsplit, odgi, pangolin, nextclade, humid, kat, leehom, adapterRemoval, bbduk, clipandmerge, cutadapt, flexbar, kaiju, kraken, malt, motus, trimmomatic, sickle, skewer, sortmerna, biobloomtools, fastq_screen, afterqc, fastp, fastqc, filtlong, prinseqplusplus, pychopper, porechop, pycoqc, minionqc, anglerfish, multivcfanalyzer, clusterflow, checkqc, bcl2fastq, bclconvert, interop, ivar, flash, seqyclean, optitype, whatshap
[2023-10-05 07:16:52,240] multiqc                                            [DEBUG  ]  Using temporary directory for creating report: /tmp/tmp2jl860qp
[2023-10-05 07:16:52,947] multiqc                                            [INFO   ]  Search path : /Users/leoniepohl/PycharmProjects/nf-testpipeline/work/69/6338668ae7fa2f2cd745c0291abfba
[2023-10-05 07:16:55,253] multiqc                                            [DEBUG  ]  Summary of files that were skipped by the search: [skipped_no_match: 8] // [skipped_module_specific_max_filesize: 5]
[2023-10-05 07:16:56,848] multiqc.plots.bargraph                             [DEBUG  ]  Using matplotlib version 3.6.2
[2023-10-05 07:16:56,850] multiqc.plots.linegraph                            [DEBUG  ]  Using matplotlib version 3.6.2
[2023-10-05 07:16:56,909] multiqc.modules.custom_content.custom_content      [INFO   ]  nf-core-testpipeline-methods-description: Found 1 sample (html)
[2023-10-05 07:16:56,910] multiqc.modules.custom_content.custom_content      [INFO   ]  nf-core-testpipeline-summary: Found 1 sample (html)
[2023-10-05 07:16:56,911] multiqc.modules.custom_content.custom_content      [INFO   ]  software_versions: Found 1 sample (html)
[2023-10-05 07:16:57,151] multiqc.modules.fastqc.fastqc                      [INFO   ]  Found 2 reports
[2023-10-05 07:17:34,668] multiqc                                            [DEBUG  ]  Reordering sections: anchor 'nf-core-testpipeline-methods-description' not found for module 'FastQC'.
[2023-10-05 07:17:34,668] multiqc                                            [DEBUG  ]  Reordering sections: anchor 'software_versions' not found for module 'FastQC'.
[2023-10-05 07:17:34,668] multiqc                                            [DEBUG  ]  Reordering sections: anchor 'nf-core-testpipeline-summary' not found for module 'FastQC'.
[2023-10-05 07:17:34,669] multiqc                                            [DEBUG  ]  Reordering sections: anchor 'nf-core-testpipeline-methods-description' not found for module 'nf-core/testpipeline Methods Description'.
[2023-10-05 07:17:34,669] multiqc                                            [DEBUG  ]  Reordering sections: anchor 'software_versions' not found for module 'nf-core/testpipeline Methods Description'.
[2023-10-05 07:17:34,669] multiqc                                            [DEBUG  ]  Reordering sections: anchor 'nf-core-testpipeline-summary' not found for module 'nf-core/testpipeline Methods Description'.
[2023-10-05 07:17:34,669] multiqc                                            [DEBUG  ]  Reordering sections: anchor 'nf-core-testpipeline-methods-description' not found for module 'nf-core/testpipeline Software Versions'.
[2023-10-05 07:17:34,669] multiqc                                            [DEBUG  ]  Reordering sections: anchor 'software_versions' not found for module 'nf-core/testpipeline Software Versions'.
[2023-10-05 07:17:34,669] multiqc                                            [DEBUG  ]  Reordering sections: anchor 'nf-core-testpipeline-summary' not found for module 'nf-core/testpipeline Software Versions'.
[2023-10-05 07:17:34,670] multiqc                                            [DEBUG  ]  Reordering sections: anchor 'nf-core-testpipeline-methods-description' not found for module 'nf-core/testpipeline Workflow Summary'.
[2023-10-05 07:17:34,670] multiqc                                            [DEBUG  ]  Reordering sections: anchor 'software_versions' not found for module 'nf-core/testpipeline Workflow Summary'.
[2023-10-05 07:17:34,670] multiqc                                            [DEBUG  ]  Reordering sections: anchor 'nf-core-testpipeline-summary' not found for module 'nf-core/testpipeline Workflow Summary'.
[2023-10-05 07:17:34,688] multiqc                                            [INFO   ]  Compressing plot data
[2023-10-05 07:17:34,818] multiqc                                            [INFO   ]  Report      : multiqc_report.html
[2023-10-05 07:17:34,819] multiqc                                            [INFO   ]  Data        : multiqc_data
[2023-10-05 07:17:34,819] multiqc                                            [DEBUG  ]  Moving data file from '/tmp/tmp2jl860qp/multiqc_data' to '/Users/leoniepohl/PycharmProjects/nf-testpipeline/work/69/6338668ae7fa2f2cd745c0291abfba/multiqc_data'
[2023-10-05 07:17:34,998] multiqc                                            [INFO   ]  Plots       : multiqc_plots
[2023-10-05 07:17:34,999] multiqc                                            [DEBUG  ]  Moving plots directory from '/tmp/tmp2jl860qp/multiqc_plots' to '/Users/leoniepohl/PycharmProjects/nf-testpipeline/work/69/6338668ae7fa2f2cd745c0291abfba/multiqc_plots'
[2023-10-05 07:17:35,670] multiqc                                            [INFO   ]  MultiQC complete
